2022-09-22 12:46:01,201 [Worker-11: Close Project] ERROR o.e.m.c.i.p.r.ProjectRegistryReader - Can't write workspace state
java.io.FileNotFoundException: /Users/adnanavni/Desktop/Koulu/Simulaattori/laskettelukeskus/.metadata/.plugins/org.eclipse.m2e.core/workspaceState.ser (No such file or directory)
	at java.base/java.io.FileOutputStream.open0(Native Method) ~[na:na]
	at java.base/java.io.FileOutputStream.open(FileOutputStream.java:298) ~[na:na]
	at java.base/java.io.FileOutputStream.<init>(FileOutputStream.java:237) ~[na:na]
	at java.base/java.io.FileOutputStream.<init>(FileOutputStream.java:187) ~[na:na]
	at org.eclipse.m2e.core.internal.project.registry.ProjectRegistryReader.createObjectOutputStream(ProjectRegistryReader.java:137) ~[na:na]
	at org.eclipse.m2e.core.internal.project.registry.ProjectRegistryReader.writeWorkspaceState(ProjectRegistryReader.java:127) ~[na:na]
	at org.eclipse.m2e.core.internal.project.registry.ProjectRegistryManager.writeWorkspaceState(ProjectRegistryManager.java:977) ~[na:na]
	at org.eclipse.m2e.core.internal.MavenPluginActivator$1.saving(MavenPluginActivator.java:142) ~[na:na]
	at org.eclipse.core.internal.resources.SaveManager.executeLifecycle(SaveManager.java:394) ~[na:na]
	at org.eclipse.core.internal.resources.SaveManager$1.run(SaveManager.java:210) ~[na:na]
	at org.eclipse.core.runtime.SafeRunner.run(SafeRunner.java:45) ~[org.eclipse.equinox.common_3.16.100.v20220315-2327.jar:na]
	at org.eclipse.core.internal.resources.SaveManager.broadcastLifecycle(SaveManager.java:213) ~[na:na]
	at org.eclipse.core.internal.resources.SaveManager.save(SaveManager.java:1171) ~[na:na]
	at org.eclipse.core.internal.resources.SaveManager.save(SaveManager.java:1150) ~[na:na]
	at org.eclipse.core.internal.resources.Project.close(Project.java:200) ~[na:na]
	at org.eclipse.ui.actions.CloseResourceAction.invokeOperation(CloseResourceAction.java:171) ~[na:na]
	at org.eclipse.ui.actions.WorkspaceAction.execute(WorkspaceAction.java:159) ~[na:na]
	at org.eclipse.ui.actions.WorkspaceAction$1.runInWorkspace(WorkspaceAction.java:459) ~[na:na]
	at org.eclipse.core.internal.resources.InternalWorkspaceJob.run(InternalWorkspaceJob.java:43) ~[na:na]
	at org.eclipse.core.internal.jobs.Worker.run(Worker.java:63) ~[org.eclipse.core.jobs_3.13.0.v20220512-1935.jar:na]
